#
# A fatal error has been detected by the Java Runtime Environment:
#
#  EXCEPTION_ACCESS_VIOLATION (0xc0000005) at pc=0x5540460a, pid=5016, tid=5804
#
# JRE version: Java(TM) SE Runtime Environment (8.0_25-b18) (build 1.8.0_25-b18)
# Java VM: Java HotSpot(TM) Client VM (25.25-b02 mixed mode, sharing windows-x86 )
# Problematic frame:
# C  [opencv_highgui2410.dll+0x1460a]
#
# Failed to write core dump. Minidumps are not enabled by default on client versions of Windows
#
# If you would like to submit a bug report, please visit:
#   http://bugreport.sun.com/bugreport/crash.jsp
# The crash happened outside the Java Virtual Machine in native code.
# See problematic frame for where to report the bug.
#

---------------  T H R E A D  ---------------

Current thread (0x17605800):  JavaThread "Thread-4" [_thread_in_native, id=5804, stack(0x18bb0000,0x18c00000)]

siginfo: ExceptionCode=0xc0000005, reading address 0x00000000

Registers:
EAX=0x00000000, EBX=0x177103ec, ECX=0x0030ee70, EDX=0x160c0a7c
ESP=0x18bff954, EBP=0x18bff9e4, ESI=0x17710268, EDI=0x555df818
EIP=0x5540460a, EFLAGS=0x00010246

Top of Stack: (sp=0x18bff954)
0x18bff954:   150e1f38 555df808 00000000 00300000
0x18bff964:   00000000 760798da bc22ffd4 00000000
0x18bff974:   0030f958 00000000 00000001 000f55c8
0x18bff984:   17710298 00000000 555df808 18bffa34
0x18bff994:   18bffa34 76098cd5 d29a9e90 fffffffe
0x18bff9a4:   760798da 72705cbf 0030f958 0030f958
0x18bff9b4:   18bff9c8 72705cf3 00000001 00000001
0x18bff9c4:   00000000 18bff9ec 55401d7a 0030f958 

Instructions: (pc=0x5540460a)
0x554045ea:   00 74 15 8d 86 84 00 00 00 50 68 78 7f 50 55 ff
0x554045fa:   15 c0 62 50 55 83 c4 08 8b 46 28 8b 55 a0 8b 12
0x5540460a:   8b 08 53 52 50 8b 41 0c ff d0 8b 46 24 8d 55 98
0x5540461a:   52 8b 55 a0 8b 12 68 80 70 50 55 52 68 50 72 50 


Register to memory mapping:

EAX=0x00000000 is an unknown value
EBX=0x177103ec is an unknown value
ECX=0x0030ee70 is an unknown value
EDX=0x160c0a7c is an unknown value
ESP=0x18bff954 is pointing into the stack for thread: 0x17605800
EBP=0x18bff9e4 is pointing into the stack for thread: 0x17605800
ESI=0x17710268 is an unknown value
EDI=0x555df818 is an unknown value


Stack: [0x18bb0000,0x18c00000],  sp=0x18bff954,  free space=318k
Native frames: (J=compiled Java code, j=interpreted, Vv=VM code, C=native code)
C  [opencv_highgui2410.dll+0x1460a]
C  [opencv_highgui2410.dll+0x14e8b]
C  [opencv_highgui2410.dll+0x1531c]
C  [opencv_highgui2410.dll+0x13916]
C  [opencv_highgui2410.dll+0x1194]
C  [jniopencv_highgui.dll+0xd25d]
j  org.bytedeco.javacpp.opencv_highgui.cvCreateCameraCapture(I)Lorg/bytedeco/javacpp/opencv_highgui$CvCapture;+0
j  kz.ef.art.vision.MomentsMain.momentsMain()V+68
j  kz.ef.art.Runner$3.run()V+4
j  java.lang.Thread.run()V+11
v  ~StubRoutines::call_stub
V  [jvm.dll+0x147285]
V  [jvm.dll+0x20d19e]
V  [jvm.dll+0x14731e]
V  [jvm.dll+0x1474a6]
V  [jvm.dll+0x147517]
V  [jvm.dll+0xf06bf]
V  [jvm.dll+0x1698cc]
V  [jvm.dll+0x16a15a]
V  [jvm.dll+0x1aee06]
C  [msvcr100.dll+0x5c556]
C  [msvcr100.dll+0x5c600]
C  [kernel32.dll+0x51174]
C  [ntdll.dll+0x5b3f5]
C  [ntdll.dll+0x5b3c8]
C  0x00000000

Java frames: (J=compiled Java code, j=interpreted, Vv=VM code)
j  org.bytedeco.javacpp.opencv_highgui.cvCreateCameraCapture(I)Lorg/bytedeco/javacpp/opencv_highgui$CvCapture;+0
j  kz.ef.art.vision.MomentsMain.momentsMain()V+68
j  kz.ef.art.Runner$3.run()V+4
j  java.lang.Thread.run()V+11
v  ~StubRoutines::call_stub

---------------  P R O C E S S  ---------------

Java Threads: ( => current thread )
=>0x17605800 JavaThread "Thread-4" [_thread_in_native, id=5804, stack(0x18bb0000,0x18c00000)]
  0x177d2400 JavaThread "Thread-3" [_thread_in_native, id=1624, stack(0x188b0000,0x18900000)]
  0x175dc800 JavaThread "TimerQueue" daemon [_thread_blocked, id=1816, stack(0x18860000,0x188b0000)]
  0x175d5400 JavaThread "D3D Screen Updater" daemon [_thread_blocked, id=3948, stack(0x16010000,0x16060000)]
  0x0124d400 JavaThread "DestroyJavaVM" [_thread_blocked, id=4532, stack(0x00340000,0x00390000)]
  0x175b0400 JavaThread "AWT-EventQueue-0" [_thread_blocked, id=2192, stack(0x157b0000,0x15800000)]
  0x1521e400 JavaThread "AWT-Shutdown" [_thread_blocked, id=648, stack(0x15820000,0x15870000)]
  0x15209000 JavaThread "AWT-Windows" daemon [_thread_in_native, id=3072, stack(0x01850000,0x018a0000)]
  0x15207000 JavaThread "Java2D Disposer" daemon [_thread_blocked, id=5976, stack(0x14920000,0x14970000)]
  0x151e2400 JavaThread "Monitor Ctrl-Break" daemon [_thread_in_native, id=3976, stack(0x148b0000,0x14900000)]
  0x012f7c00 JavaThread "Service Thread" daemon [_thread_blocked, id=5336, stack(0x15000000,0x15050000)]
  0x012f5800 JavaThread "C1 CompilerThread0" daemon [_thread_blocked, id=4660, stack(0x14f70000,0x14fc0000)]
  0x012f4800 JavaThread "Attach Listener" daemon [_thread_blocked, id=1468, stack(0x13c40000,0x13c90000)]
  0x012f1800 JavaThread "Signal Dispatcher" daemon [_thread_blocked, id=4620, stack(0x14860000,0x148b0000)]
  0x01287800 JavaThread "Finalizer" daemon [_thread_blocked, id=772, stack(0x13d70000,0x13dc0000)]
  0x01286400 JavaThread "Reference Handler" daemon [_thread_blocked, id=5680, stack(0x13cc0000,0x13d10000)]

Other Threads:
  0x01284000 VMThread [stack: 0x13d10000,0x13d60000] [id=4284]
  0x0131f400 WatcherThread [stack: 0x14990000,0x149e0000] [id=4692]

VM state:not at safepoint (normal execution)

VM Mutex/Monitor currently owned by a thread: None

Heap:
 def new generation   total 4928K, used 324K [0x03c00000, 0x04150000, 0x09150000)
  eden space 4416K,   4% used [0x03c00000, 0x03c2c2c8, 0x04050000)
  from space 512K,  28% used [0x04050000, 0x04074e00, 0x040d0000)
  to   space 512K,   0% used [0x040d0000, 0x040d0000, 0x04150000)
 tenured generation   total 10944K, used 4185K [0x09150000, 0x09c00000, 0x13c00000)
   the space 10944K,  38% used [0x09150000, 0x095667d8, 0x09566800, 0x09c00000)
 Metaspace       used 2718K, capacity 3651K, committed 3776K, reserved 4480K

Card table byte_map: [0x01740000,0x017d0000] byte_map_base: 0x01722000

Polling page: 0x00290000

CodeCache: size=32768Kb used=1643Kb max_used=1643Kb free=31124Kb
 bounds [0x01bd0000, 0x01d70000, 0x03bd0000]
 total_blobs=964 nmethods=685 adapters=210
 compilation: enabled

Compilation events (10 events):
Event: 13.929 Thread 0x012f5800  683             java.util.AbstractList$Itr::<init> (6 bytes)
Event: 13.930 Thread 0x012f5800 nmethod 683 0x01d6a108 code [0x01d6a200, 0x01d6a2a0]
Event: 13.930 Thread 0x012f5800  684             java.util.AbstractList$Itr::<init> (31 bytes)
Event: 13.930 Thread 0x012f5800 nmethod 684 0x01d6a348 code [0x01d6a440, 0x01d6a4e0]
Event: 13.930 Thread 0x012f5800  685             java.util.AbstractList::iterator (10 bytes)
Event: 13.931 Thread 0x012f5800 nmethod 685 0x01d6a548 code [0x01d6a640, 0x01d6a720]
Event: 13.937 Thread 0x012f5800  686             java.util.Arrays::asList (9 bytes)
Event: 13.938 Thread 0x012f5800 nmethod 686 0x01d6a788 code [0x01d6a890, 0x01d6a9bc]
Event: 13.945 Thread 0x012f5800  687             org.bytedeco.javacpp.ClassProperties::addAll (14 bytes)
Event: 13.945 Thread 0x012f5800 nmethod 687 0x01d6aa88 code [0x01d6aba0, 0x01d6ad18]

GC Heap History (10 events):
Event: 8.426 GC heap before
{Heap before GC invocations=1 (full 0):
 def new generation   total 4928K, used 4928K [0x03c00000, 0x04150000, 0x09150000)
  eden space 4416K, 100% used [0x03c00000, 0x04050000, 0x04050000)
  from space 512K, 100% used [0x040d0000, 0x04150000, 0x04150000)
  to   space 512K,   0% used [0x04050000, 0x04050000, 0x040d0000)
 tenured generation   total 10944K, used 399K [0x09150000, 0x09c00000, 0x13c00000)
   the space 10944K,   3% used [0x09150000, 0x091b3f60, 0x091b4000, 0x09c00000)
 Metaspace       used 1305K, capacity 2428K, committed 2496K, reserved 4480K
Event: 8.448 GC heap after
Heap after GC invocations=2 (full 0):
 def new generation   total 4928K, used 512K [0x03c00000, 0x04150000, 0x09150000)
  eden space 4416K,   0% used [0x03c00000, 0x03c00000, 0x04050000)
  from space 512K, 100% used [0x04050000, 0x040d0000, 0x040d0000)
  to   space 512K,   0% used [0x040d0000, 0x040d0000, 0x04150000)
 tenured generation   total 10944K, used 1511K [0x09150000, 0x09c00000, 0x13c00000)
   the space 10944K,  13% used [0x09150000, 0x092c9c18, 0x092c9e00, 0x09c00000)
 Metaspace       used 1305K, capacity 2428K, committed 2496K, reserved 4480K
}
Event: 9.986 GC heap before
{Heap before GC invocations=2 (full 0):
 def new generation   total 4928K, used 4928K [0x03c00000, 0x04150000, 0x09150000)
  eden space 4416K, 100% used [0x03c00000, 0x04050000, 0x04050000)
  from space 512K, 100% used [0x04050000, 0x040d0000, 0x040d0000)
  to   space 512K,   0% used [0x040d0000, 0x040d0000, 0x04150000)
 tenured generation   total 10944K, used 1511K [0x09150000, 0x09c00000, 0x13c00000)
   the space 10944K,  13% used [0x09150000, 0x092c9c18, 0x092c9e00, 0x09c00000)
 Metaspace       used 2049K, capacity 3041K, committed 3136K, reserved 4480K
Event: 10.001 GC heap after
Heap after GC invocations=3 (full 0):
 def new generation   total 4928K, used 512K [0x03c00000, 0x04150000, 0x09150000)
  eden space 4416K,   0% used [0x03c00000, 0x03c00000, 0x04050000)
  from space 512K, 100% used [0x040d0000, 0x04150000, 0x04150000)
  to   space 512K,   0% used [0x04050000, 0x04050000, 0x040d0000)
 tenured generation   total 10944K, used 2306K [0x09150000, 0x09c00000, 0x13c00000)
   the space 10944K,  21% used [0x09150000, 0x093909c8, 0x09390a00, 0x09c00000)
 Metaspace       used 2049K, capacity 3041K, committed 3136K, reserved 4480K
}
Event: 10.511 GC heap before
{Heap before GC invocations=3 (full 0):
 def new generation   total 4928K, used 4928K [0x03c00000, 0x04150000, 0x09150000)
  eden space 4416K, 100% used [0x03c00000, 0x04050000, 0x04050000)
  from space 512K, 100% used [0x040d0000, 0x04150000, 0x04150000)
  to   space 512K,   0% used [0x04050000, 0x04050000, 0x040d0000)
 tenured generation   total 10944K, used 2306K [0x09150000, 0x09c00000, 0x13c00000)
   the space 10944K,  21% used [0x09150000, 0x093909c8, 0x09390a00, 0x09c00000)
 Metaspace       used 2558K, capacity 3521K, committed 3648K, reserved 4480K
Event: 10.520 GC heap after
Heap after GC invocations=4 (full 0):
 def new generation   total 4928K, used 492K [0x03c00000, 0x04150000, 0x09150000)
  eden space 4416K,   0% used [0x03c00000, 0x03c00000, 0x04050000)
  from space 512K,  96% used [0x04050000, 0x040cb0f8, 0x040d0000)
  to   space 512K,   0% used [0x040d0000, 0x040d0000, 0x04150000)
 tenured generation   total 10944K, used 2655K [0x09150000, 0x09c00000, 0x13c00000)
   the space 10944K,  24% used [0x09150000, 0x093e7fe8, 0x093e8000, 0x09c00000)
 Metaspace       used 2558K, capacity 3521K, committed 3648K, reserved 4480K
}
Event: 11.409 GC heap before
{Heap before GC invocations=4 (full 0):
 def new generation   total 4928K, used 4573K [0x03c00000, 0x04150000, 0x09150000)
  eden space 4416K,  92% used [0x03c00000, 0x03ffc538, 0x04050000)
  from space 512K,  96% used [0x04050000, 0x040cb0f8, 0x040d0000)
  to   space 512K,   0% used [0x040d0000, 0x040d0000, 0x04150000)
 tenured generation   total 10944K, used 2655K [0x09150000, 0x09c00000, 0x13c00000)
   the space 10944K,  24% used [0x09150000, 0x093e7fe8, 0x093e8000, 0x09c00000)
 Metaspace       used 2666K, capacity 3619K, committed 3648K, reserved 4480K
Event: 11.427 GC heap after
Heap after GC invocations=5 (full 0):
 def new generation   total 4928K, used 512K [0x03c00000, 0x04150000, 0x09150000)
  eden space 4416K,   0% used [0x03c00000, 0x03c00000, 0x04050000)
  from space 512K, 100% used [0x040d0000, 0x04150000, 0x04150000)
  to   space 512K,   0% used [0x04050000, 0x04050000, 0x040d0000)
 tenured generation   total 10944K, used 3175K [0x09150000, 0x09c00000, 0x13c00000)
   the space 10944K,  29% used [0x09150000, 0x09469e00, 0x09469e00, 0x09c00000)
 Metaspace       used 2666K, capacity 3619K, committed 3648K, reserved 4480K
}
Event: 13.956 GC heap before
{Heap before GC invocations=5 (full 0):
 def new generation   total 4928K, used 4928K [0x03c00000, 0x04150000, 0x09150000)
  eden space 4416K, 100% used [0x03c00000, 0x04050000, 0x04050000)
  from space 512K, 100% used [0x040d0000, 0x04150000, 0x04150000)
  to   space 512K,   0% used [0x04050000, 0x04050000, 0x040d0000)
 tenured generation   total 10944K, used 3175K [0x09150000, 0x09c00000, 0x13c00000)
   the space 10944K,  29% used [0x09150000, 0x09469e00, 0x09469e00, 0x09c00000)
 Metaspace       used 2718K, capacity 3651K, committed 3776K, reserved 4480K
Event: 13.966 GC heap after
Heap after GC invocations=6 (full 0):
 def new generation   total 4928K, used 147K [0x03c00000, 0x04150000, 0x09150000)
  eden space 4416K,   0% used [0x03c00000, 0x03c00000, 0x04050000)
  from space 512K,  28% used [0x04050000, 0x04074e00, 0x040d0000)
  to   space 512K,   0% used [0x040d0000, 0x040d0000, 0x04150000)
 tenured generation   total 10944K, used 4185K [0x09150000, 0x09c00000, 0x13c00000)
   the space 10944K,  38% used [0x09150000, 0x095667d8, 0x09566800, 0x09c00000)
 Metaspace       used 2718K, capacity 3651K, committed 3776K, reserved 4480K
}

Deoptimization events (0 events):
No events

Internal exceptions (10 events):
Event: 13.879 Thread 0x177d2400 Exception <a 'java/security/PrivilegedActionException'> (0x03e78788) thrown at [C:\re\workspace\8-2-build-windows-i586-cygwin\jdk8u25\1677\hotspot\src\share\vm\prims\jvm.cpp, line 1312]
Event: 13.880 Thread 0x177d2400 Exception <a 'java/security/PrivilegedActionException'> (0x03e7d0d8) thrown at [C:\re\workspace\8-2-build-windows-i586-cygwin\jdk8u25\1677\hotspot\src\share\vm\prims\jvm.cpp, line 1312]
Event: 13.888 Thread 0x177d2400 Exception <a 'java/security/PrivilegedActionException'> (0x03eb3378) thrown at [C:\re\workspace\8-2-build-windows-i586-cygwin\jdk8u25\1677\hotspot\src\share\vm\prims\jvm.cpp, line 1312]
Event: 13.896 Thread 0x177d2400 Exception <a 'java/security/PrivilegedActionException'> (0x03ee9d98) thrown at [C:\re\workspace\8-2-build-windows-i586-cygwin\jdk8u25\1677\hotspot\src\share\vm\prims\jvm.cpp, line 1312]
Event: 13.905 Thread 0x177d2400 Exception <a 'java/security/PrivilegedActionException'> (0x03f20ae0) thrown at [C:\re\workspace\8-2-build-windows-i586-cygwin\jdk8u25\1677\hotspot\src\share\vm\prims\jvm.cpp, line 1312]
Event: 13.917 Thread 0x177d2400 Exception <a 'java/security/PrivilegedActionException'> (0x03f57740) thrown at [C:\re\workspace\8-2-build-windows-i586-cygwin\jdk8u25\1677\hotspot\src\share\vm\prims\jvm.cpp, line 1312]
Event: 13.927 Thread 0x177d2400 Exception <a 'java/security/PrivilegedActionException'> (0x03f8e308) thrown at [C:\re\workspace\8-2-build-windows-i586-cygwin\jdk8u25\1677\hotspot\src\share\vm\prims\jvm.cpp, line 1312]
Event: 13.935 Thread 0x177d2400 Exception <a 'java/security/PrivilegedActionException'> (0x03fc44f0) thrown at [C:\re\workspace\8-2-build-windows-i586-cygwin\jdk8u25\1677\hotspot\src\share\vm\prims\jvm.cpp, line 1312]
Event: 13.943 Thread 0x177d2400 Exception <a 'java/security/PrivilegedActionException'> (0x03ffaac8) thrown at [C:\re\workspace\8-2-build-windows-i586-cygwin\jdk8u25\1677\hotspot\src\share\vm\prims\jvm.cpp, line 1312]
Event: 13.951 Thread 0x177d2400 Exception <a 'java/security/PrivilegedActionException'> (0x04031150) thrown at [C:\re\workspace\8-2-build-windows-i586-cygwin\jdk8u25\1677\hotspot\src\share\vm\prims\jvm.cpp, line 1312]

Events (10 events):
Event: 13.943 loading class org/bytedeco/javacpp/opencv_highgui$Pt2Func_int_BytePointer
Event: 13.943 loading class org/bytedeco/javacpp/opencv_highgui$Pt2Func_int_BytePointer done
Event: 13.951 loading class org/bytedeco/javacpp/opencv_highgui$Pt2Func_int_PointerPointer
Event: 13.951 loading class org/bytedeco/javacpp/opencv_highgui$Pt2Func_int_PointerPointer done
Event: 13.956 Executing VM operation: GenCollectForAllocation
Event: 13.966 Executing VM operation: GenCollectForAllocation done
Event: 13.966 Executing VM operation: RevokeBias
Event: 13.967 Executing VM operation: RevokeBias done
Event: 13.967 Executing VM operation: RevokeBias
Event: 13.967 Executing VM operation: RevokeBias done


Dynamic libraries:
0x00390000 - 0x003c0000 	C:\Program Files\Java\jdk1.8.0_25\bin\java.exe
0x778e0000 - 0x77a1c000 	C:\Windows\SYSTEM32\ntdll.dll
0x76120000 - 0x761f4000 	C:\Windows\system32\kernel32.dll
0x75cc0000 - 0x75d0a000 	C:\Windows\system32\KERNELBASE.dll
0x75f30000 - 0x75fd0000 	C:\Windows\system32\ADVAPI32.dll
0x76070000 - 0x7611c000 	C:\Windows\system32\msvcrt.dll
0x77a60000 - 0x77a79000 	C:\Windows\SYSTEM32\sechost.dll
0x77830000 - 0x778d1000 	C:\Windows\system32\RPCRT4.dll
0x76a80000 - 0x76b49000 	C:\Windows\system32\USER32.dll
0x75da0000 - 0x75dee000 	C:\Windows\system32\GDI32.dll
0x75d30000 - 0x75d3a000 	C:\Windows\system32\LPK.dll
0x75fd0000 - 0x7606d000 	C:\Windows\system32\USP10.dll
0x74990000 - 0x74b2e000 	C:\Windows\WinSxS\x86_microsoft.windows.common-controls_6595b64144ccf1df_6.0.7600.16385_none_421189da2b7fabfc\COMCTL32.dll
0x76a20000 - 0x76a77000 	C:\Windows\system32\SHLWAPI.dll
0x77a20000 - 0x77a3f000 	C:\Windows\system32\IMM32.DLL
0x76570000 - 0x7663c000 	C:\Windows\system32\MSCTF.dll
0x63e20000 - 0x63edf000 	C:\Program Files\Java\jdk1.8.0_25\jre\bin\msvcr100.dll
0x5e2c0000 - 0x5e664000 	C:\Program Files\Java\jdk1.8.0_25\jre\bin\client\jvm.dll
0x72840000 - 0x72847000 	C:\Windows\system32\WSOCK32.dll
0x76390000 - 0x763c5000 	C:\Windows\system32\WS2_32.dll
0x77a40000 - 0x77a46000 	C:\Windows\system32\NSI.dll
0x6c960000 - 0x6c992000 	C:\Windows\system32\WINMM.dll
0x77a80000 - 0x77a85000 	C:\Windows\system32\PSAPI.DLL
0x737c0000 - 0x737cc000 	C:\Program Files\Java\jdk1.8.0_25\jre\bin\verify.dll
0x668d0000 - 0x668f1000 	C:\Program Files\Java\jdk1.8.0_25\jre\bin\java.dll
0x6c800000 - 0x6c813000 	C:\Program Files\Java\jdk1.8.0_25\jre\bin\zip.dll
0x76b50000 - 0x77799000 	C:\Windows\system32\SHELL32.dll
0x76640000 - 0x7679c000 	C:\Windows\system32\ole32.dll
0x75a30000 - 0x75a3b000 	C:\Windows\system32\profapi.dll
0x002d0000 - 0x002d7000 	C:\Program Files\JetBrains\IntelliJ IDEA\bin\breakgen.dll
0x668b0000 - 0x668c5000 	C:\Program Files\Java\jdk1.8.0_25\jre\bin\net.dll
0x754a0000 - 0x754dc000 	C:\Windows\system32\mswsock.dll
0x75490000 - 0x75496000 	C:\Windows\System32\wship6.dll
0x5e170000 - 0x5e2b6000 	C:\Program Files\Java\jdk1.8.0_25\jre\bin\awt.dll
0x76300000 - 0x7638f000 	C:\Windows\system32\OLEAUT32.dll
0x746b0000 - 0x746f0000 	C:\Windows\system32\uxtheme.dll
0x002e0000 - 0x002e5000 	C:\Program Files\Unlocker\UnlockerHook.dll
0x743f0000 - 0x74403000 	C:\Windows\system32\dwmapi.dll
0x759b0000 - 0x759bc000 	C:\Windows\system32\CRYPTBASE.dll
0x66200000 - 0x663c3000 	C:\Windows\system32\d3d9.dll
0x74f30000 - 0x74f39000 	C:\Windows\system32\VERSION.dll
0x6cc30000 - 0x6cc36000 	C:\Windows\system32\d3d8thk.dll
0x64e30000 - 0x6558c000 	C:\Windows\system32\nvd3dum.dll
0x74df0000 - 0x74e15000 	C:\Windows\system32\powrprof.dll
0x763d0000 - 0x7656d000 	C:\Windows\system32\SETUPAPI.dll
0x75ab0000 - 0x75ad7000 	C:\Windows\system32\CFGMGR32.dll
0x75d10000 - 0x75d22000 	C:\Windows\system32\DEVOBJ.dll
0x63de0000 - 0x63e18000 	C:\Program Files\Java\jdk1.8.0_25\jre\bin\fontmanager.dll
0x69570000 - 0x6957f000 	C:\Program Files\Java\jdk1.8.0_25\jre\bin\nio.dll
0x63db0000 - 0x63de0000 	C:\Program Files\Java\jdk1.8.0_25\jre\bin\t2k.dll
0x777a0000 - 0x77823000 	C:\Windows\system32\CLBCatQ.DLL
0x742c0000 - 0x743bb000 	C:\Windows\system32\WindowsCodecs.dll
0x75960000 - 0x759ab000 	C:\Windows\system32\apphelp.dll
0x71130000 - 0x71161000 	C:\Windows\system32\EhStorShell.dll
0x747d0000 - 0x748c5000 	C:\Windows\system32\PROPSYS.dll
0x71070000 - 0x710ff000 	C:\Program Files\Google\Drive\googledrivesync32.dll
0x70d90000 - 0x70e1e000 	C:\Windows\WinSxS\x86_microsoft.vc90.crt_1fc8b3b9a1e18e3b_9.0.30729.6161_none_50934f2ebcb7eb57\MSVCP90.dll
0x72300000 - 0x723a3000 	C:\Windows\WinSxS\x86_microsoft.vc90.crt_1fc8b3b9a1e18e3b_9.0.30729.6161_none_50934f2ebcb7eb57\MSVCR90.dll
0x70d20000 - 0x70d8a000 	C:\Windows\System32\cscui.dll
0x71060000 - 0x71069000 	C:\Windows\System32\CSCDLL.dll
0x70d10000 - 0x70d1b000 	C:\Windows\system32\CSCAPI.dll
0x706e0000 - 0x7074f000 	C:\Windows\system32\ntshrui.dll
0x758b0000 - 0x758c9000 	C:\Windows\system32\srvcli.dll
0x73cf0000 - 0x73cfa000 	C:\Windows\system32\slc.dll
0x5a2a0000 - 0x5a35e000 	C:\Users\Фролов\AppData\Local\Temp\javacpp17979069358619\msvcr100.dll
0x66190000 - 0x661f9000 	C:\Users\Фролов\AppData\Local\Temp\javacpp17979069358619\msvcp100.dll
0x5a0a0000 - 0x5a29f000 	C:\Users\Фролов\AppData\Local\Temp\javacpp17979069358619\opencv_core2410.dll
0x56330000 - 0x564b0000 	C:\Users\Фролов\AppData\Local\Temp\javacpp17979069358619\jniopencv_core.dll
0x560c0000 - 0x5632b000 	C:\Users\Фролов\AppData\Local\Temp\javacpp17979069358619\opencv_imgproc2410.dll
0x56e20000 - 0x56ea0000 	C:\Users\Фролов\AppData\Local\Temp\javacpp17979069358619\jniopencv_imgproc.dll
0x19300000 - 0x1a236000 	C:\Users\Фролов\AppData\Local\Temp\javacpp17979069358619\opencv_ffmpeg2410.dll
0x553f0000 - 0x555f6000 	C:\Users\Фролов\AppData\Local\Temp\javacpp17979069358619\opencv_highgui2410.dll
0x66890000 - 0x668a9000 	C:\Windows\system32\AVIFIL32.dll
0x6c8b0000 - 0x6c8c4000 	C:\Windows\system32\MSACM32.dll
0x5d8a0000 - 0x5d8c1000 	C:\Windows\system32\MSVFW32.dll
0x66030000 - 0x66043000 	C:\Windows\system32\AVICAP32.dll
0x5cf10000 - 0x5cf4c000 	C:\Users\Фролов\AppData\Local\Temp\javacpp17979069358619\jniopencv_highgui.dll
0x72700000 - 0x72714000 	C:\Windows\system32\devenum.dll
0x74710000 - 0x74731000 	C:\Windows\system32\ntmarta.dll
0x77ac0000 - 0x77b05000 	C:\Windows\system32\WLDAP32.dll
0x75ae0000 - 0x75b0d000 	C:\Windows\system32\WINTRUST.dll
0x75ba0000 - 0x75cbc000 	C:\Windows\system32\CRYPT32.dll
0x75aa0000 - 0x75aac000 	C:\Windows\system32\MSASN1.dll
0x72730000 - 0x7273b000 	C:\Windows\system32\msdmo.dll
0x5d820000 - 0x5d852000 	C:\Windows\system32\qcap.dll
0x5d6a0000 - 0x5d817000 	C:\Windows\system32\quartz.dll
0x66be0000 - 0x66c13000 	C:\Windows\system32\ksproxy.ax
0x6c920000 - 0x6c924000 	C:\Windows\system32\ksuser.dll
0x6cc20000 - 0x6cc29000 	C:\Windows\system32\vidcap.ax
0x6c820000 - 0x6c83d000 	C:\Windows\system32\kswdmcap.ax
0x66ac0000 - 0x66bdc000 	C:\Windows\system32\MFC42.dll
0x66960000 - 0x669ea000 	C:\Windows\system32\ODBC32.dll
0x66920000 - 0x66958000 	C:\Windows\system32\odbcint.dll
0x67360000 - 0x6744b000 	C:\Windows\system32\dbghelp.dll

VM Arguments:
jvm_args: -Djava.library.path=D:\Work\Project\IdeaProjects\Other\7\Art\lib\opencv-android-arm.jar;D:\Work\Project\IdeaProjects\Other\7\Art\lib\opencv-android-x86.jar;D:\Work\Project\IdeaProjects\Other\7\Art\lib\opencv-linux-x86.jar;D:\Work\Project\IdeaProjects\Other\7\Art\lib\opencv-linux-x86_64.jar;D:\Work\Project\IdeaProjects\Other\7\Art\lib\opencv-macosx-x86_64.jar;D:\Work\Project\IdeaProjects\Other\7\Art\lib\opencv-windows-x86.jar;D:\Work\Project\IdeaProjects\Other\7\Art\lib\opencv-windows-x86_64.jar -Didea.launcher.port=7535 -Didea.launcher.bin.path=C:\Program Files\JetBrains\IntelliJ IDEA\bin -Dfile.encoding=UTF-8 
java_command: com.intellij.rt.execution.application.AppMain kz.ef.art.Runner
java_class_path (initial): C:\Program Files\Java\jdk1.8.0_25\jre\lib\charsets.jar;C:\Program Files\Java\jdk1.8.0_25\jre\lib\deploy.jar;C:\Program Files\Java\jdk1.8.0_25\jre\lib\javaws.jar;C:\Program Files\Java\jdk1.8.0_25\jre\lib\jce.jar;C:\Program Files\Java\jdk1.8.0_25\jre\lib\jfr.jar;C:\Program Files\Java\jdk1.8.0_25\jre\lib\jfxswt.jar;C:\Program Files\Java\jdk1.8.0_25\jre\lib\jsse.jar;C:\Program Files\Java\jdk1.8.0_25\jre\lib\management-agent.jar;C:\Program Files\Java\jdk1.8.0_25\jre\lib\plugin.jar;C:\Program Files\Java\jdk1.8.0_25\jre\lib\resources.jar;C:\Program Files\Java\jdk1.8.0_25\jre\lib\rt.jar;C:\Program Files\Java\jdk1.8.0_25\jre\lib\ext\access-bridge.jar;C:\Program Files\Java\jdk1.8.0_25\jre\lib\ext\cldrdata.jar;C:\Program Files\Java\jdk1.8.0_25\jre\lib\ext\dnsns.jar;C:\Program Files\Java\jdk1.8.0_25\jre\lib\ext\jaccess.jar;C:\Program Files\Java\jdk1.8.0_25\jre\lib\ext\jfxrt.jar;C:\Program Files\Java\jdk1.8.0_25\jre\lib\ext\localedata.jar;C:\Program Files\Java\jdk1.8.0_25\jre\lib\ext\nashorn.jar;C:\Program Files\Java\jdk1.8.0_25\jre\lib\ext\sunec.jar;C:\Program Files\Java\jdk1.8.0_25\jre\lib\ext\sunjce_provider.jar;C:\Program Files\Java\jdk1.8.0_25\jre\lib\ext\sunmscapi.jar;C:\Program Files\Java\jdk1.8.0_25\jre\lib\ext\sunpkcs11.jar;C:\Program Files\Java\jdk1.8.0_25\jre\lib\ext\zipfs.jar;D:\Work\Project\IdeaProjects\Other\7\Art\target\classes;D:\Work\Project\IdeaProjects\Other\7\Art\lib\javacpp.jar;D:\Work\Project\IdeaProjects\Other\7\Art\lib\javacv.jar;D:\Work\Project\IdeaProjects\Other\7\Art\lib\opencv.jar;C:\Users\Фролов\.m2\repository\org\bytedeco\javacv\0.10\javacv-0.10.jar;C:\Users\Фролов\.m2\repository\org\bytedeco\javacpp\0.10\javacpp-0.10.jar;C:\Users\Фролов\.m2\repository\org\bytedeco\javacpp-presets\opencv\2.4.10-0.10\opencv-2.4.10-0.10.jar;C:\Users\Фролов\.m2\repository\org\bytedeco\javacpp-presets\ffmpeg\2.5.1-0.10\ffmpeg-2.5.1-0.10.jar;C:\Users\Фролов\.m2\repository\org\bytedeco\javacpp-presets\flycapture\2.7.3.13-0.10\flycapture-2.7.3.
Launcher Type: SUN_STANDARD

Environment Variables:
JAVA_HOME=C:\Program Files\Java\jdk1.8.0_25
PATH=C:\Program Files\Borland\Delphi7\Bin;C:\Program Files\Borland\Delphi7\Projects\Bpl\;C:\Inprise\vbroker\bin;C:\Program Files\PC Connectivity Solution\;C:\ProgramData\Oracle\Java\javapath;C:\Windows\system32;C:\Windows;C:\Windows\System32\Wbem;C:\Windows\System32\WindowsPowerShell\v1.0\;C:\Program Files\Java\jdk1.8.0_25\bin;C:\Program Files\Android\Android SDK\platform-tools;D:\apache-maven-3.2.5\bin;C:\Program Files\Git\cmd;C:\Program Files\Skype\Phone\;C:\Program Files\Mercurial
USERNAME=Фролов
OS=Windows_NT
PROCESSOR_IDENTIFIER=x86 Family 15 Model 4 Stepping 9, GenuineIntel



---------------  S Y S T E M  ---------------

OS: Windows 7 Build 7600 

CPU:total 2 (1 cores per cpu, 2 threads per core) family 15 model 4 stepping 9, cmov, cx8, fxsr, mmx, sse, sse2, sse3, ht, tsc

Memory: 4k page, physical 2096440k(119260k free), swap 4889996k(378756k free)

vm_info: Java HotSpot(TM) Client VM (25.25-b02) for windows-x86 JRE (1.8.0_25-b18), built on Oct  7 2014 14:31:05 by "java_re" with MS VC++ 10.0 (VS2010)

time: Thu Apr 09 01:01:20 2015
elapsed time: 15 seconds (0d 0h 0m 15s)

